
*** Running vivado
    with args -log KeyPad.vds -m64 -product Vivado -mode batch -messageDb vivado.pb -notrace -source KeyPad.tcl


****** Vivado v2019.2 (64-bit)
  **** SW Build 2708876 on Wed Nov  6 21:39:14 MST 2019
  **** IP Build 2700528 on Thu Nov  7 00:09:20 MST 2019
    ** Copyright 1986-2019 Xilinx, Inc. All Rights Reserved.

source KeyPad.tcl -notrace
Command: synth_design -top KeyPad -part xc7a100tcsg324-1
Starting synth_design
Attempting to get a license for feature 'Synthesis' and/or device 'xc7a100t'
INFO: [Common 17-349] Got license for feature 'Synthesis' and/or device 'xc7a100t'
INFO: Launching helper process for spawning children vivado processes
INFO: Helper process launched with PID 20952 
---------------------------------------------------------------------------------
Starting Synthesize : Time (s): cpu = 00:00:03 ; elapsed = 00:00:04 . Memory (MB): peak = 1657.172 ; gain = 182.602 ; free physical = 226 ; free virtual = 7486
---------------------------------------------------------------------------------
INFO: [Synth 8-6157] synthesizing module 'KeyPad' [/home/esteban/digitalI/digitalI/keypad/keypad.srcs/sources_1/new/genkeyPad.v:23]
INFO: [Synth 8-6157] synthesizing module 'mfreDiv' [/home/esteban/digitalI/digitalI/BCDto4SSeg/BCDto4SSeg.srcs/sources_1/new/freDiv.v:4]
INFO: [Synth 8-6155] done synthesizing module 'mfreDiv' (1#1) [/home/esteban/digitalI/digitalI/BCDto4SSeg/BCDto4SSeg.srcs/sources_1/new/freDiv.v:4]
INFO: [Synth 8-6157] synthesizing module 'sweeping' [/home/esteban/digitalI/digitalI/keypad/keypad.srcs/sources_1/new/sweeping.v:23]
INFO: [Synth 8-226] default block is never used [/home/esteban/digitalI/digitalI/keypad/keypad.srcs/sources_1/new/sweeping.v:34]
INFO: [Synth 8-6155] done synthesizing module 'sweeping' (2#1) [/home/esteban/digitalI/digitalI/keypad/keypad.srcs/sources_1/new/sweeping.v:23]
WARNING: [Synth 8-6104] Input port 'rows' has an internal driver [/home/esteban/digitalI/digitalI/keypad/keypad.srcs/sources_1/new/genkeyPad.v:52]
INFO: [Synth 8-6157] synthesizing module 'comparator' [/home/esteban/digitalI/digitalI/keypad/keypad.srcs/sources_1/new/comparator.v:23]
INFO: [Synth 8-6155] done synthesizing module 'comparator' (3#1) [/home/esteban/digitalI/digitalI/keypad/keypad.srcs/sources_1/new/comparator.v:23]
INFO: [Synth 8-6157] synthesizing module 'selDat' [/home/esteban/digitalI/digitalI/BCDto4SSeg/BCDto4SSeg.srcs/sources_1/new/selDat.v:3]
INFO: [Synth 8-6157] synthesizing module 'BCDtoSeg' [/home/esteban/digitalI/digitalI/BCDto4SSeg/BCDto4SSeg.srcs/sources_1/new/BCDtoSeg.v:3]
INFO: [Synth 8-226] default block is never used [/home/esteban/digitalI/digitalI/BCDto4SSeg/BCDto4SSeg.srcs/sources_1/new/BCDtoSeg.v:14]
INFO: [Synth 8-6155] done synthesizing module 'BCDtoSeg' (4#1) [/home/esteban/digitalI/digitalI/BCDto4SSeg/BCDto4SSeg.srcs/sources_1/new/BCDtoSeg.v:3]
INFO: [Synth 8-6157] synthesizing module 'selAn' [/home/esteban/digitalI/digitalI/BCDto4SSeg/BCDto4SSeg.srcs/sources_1/new/selAn.v:3]
INFO: [Synth 8-226] default block is never used [/home/esteban/digitalI/digitalI/BCDto4SSeg/BCDto4SSeg.srcs/sources_1/new/selAn.v:15]
INFO: [Synth 8-6155] done synthesizing module 'selAn' (5#1) [/home/esteban/digitalI/digitalI/BCDto4SSeg/BCDto4SSeg.srcs/sources_1/new/selAn.v:3]
INFO: [Synth 8-226] default block is never used [/home/esteban/digitalI/digitalI/BCDto4SSeg/BCDto4SSeg.srcs/sources_1/new/selDat.v:43]
INFO: [Synth 8-6155] done synthesizing module 'selDat' (6#1) [/home/esteban/digitalI/digitalI/BCDto4SSeg/BCDto4SSeg.srcs/sources_1/new/selDat.v:3]
WARNING: [Synth 8-3848] Net an in module/entity KeyPad does not have driver. [/home/esteban/digitalI/digitalI/keypad/keypad.srcs/sources_1/new/genkeyPad.v:35]
INFO: [Synth 8-6155] done synthesizing module 'KeyPad' (7#1) [/home/esteban/digitalI/digitalI/keypad/keypad.srcs/sources_1/new/genkeyPad.v:23]
WARNING: [Synth 8-3331] design BCDtoSeg has unconnected port divFre
WARNING: [Synth 8-3331] design KeyPad has unconnected port an[3]
WARNING: [Synth 8-3331] design KeyPad has unconnected port an[2]
WARNING: [Synth 8-3331] design KeyPad has unconnected port an[1]
WARNING: [Synth 8-3331] design KeyPad has unconnected port an[0]
---------------------------------------------------------------------------------
Finished Synthesize : Time (s): cpu = 00:00:05 ; elapsed = 00:00:06 . Memory (MB): peak = 1719.922 ; gain = 245.352 ; free physical = 255 ; free virtual = 7518
---------------------------------------------------------------------------------
---------------------------------------------------------------------------------
Finished Constraint Validation : Time (s): cpu = 00:00:05 ; elapsed = 00:00:06 . Memory (MB): peak = 1722.891 ; gain = 248.320 ; free physical = 251 ; free virtual = 7515
---------------------------------------------------------------------------------
---------------------------------------------------------------------------------
Start Loading Part and Timing Information
---------------------------------------------------------------------------------
Loading part: xc7a100tcsg324-1
---------------------------------------------------------------------------------
INFO: [Device 21-403] Loading part xc7a100tcsg324-1
Finished Loading Part and Timing Information : Time (s): cpu = 00:00:05 ; elapsed = 00:00:06 . Memory (MB): peak = 1730.895 ; gain = 256.324 ; free physical = 249 ; free virtual = 7513
---------------------------------------------------------------------------------
---------------------------------------------------------------------------------
Finished RTL Optimization Phase 2 : Time (s): cpu = 00:00:05 ; elapsed = 00:00:07 . Memory (MB): peak = 1749.809 ; gain = 275.238 ; free physical = 231 ; free virtual = 7495
---------------------------------------------------------------------------------

Report RTL Partitions: 
+-+--------------+------------+----------+
| |RTL Partition |Replication |Instances |
+-+--------------+------------+----------+
+-+--------------+------------+----------+
No constraint files found.
---------------------------------------------------------------------------------
Start RTL Component Statistics 
---------------------------------------------------------------------------------
Detailed RTL Component Info : 
+---Adders : 
	   2 Input      2 Bit       Adders := 3     
+---Registers : 
	                4 Bit    Registers := 3     
	                2 Bit    Registers := 3     
	                1 Bit    Registers := 2     
+---Muxes : 
	   4 Input      4 Bit        Muxes := 3     
	  17 Input      4 Bit        Muxes := 1     
---------------------------------------------------------------------------------
Finished RTL Component Statistics 
---------------------------------------------------------------------------------
---------------------------------------------------------------------------------
Start RTL Hierarchical Component Statistics 
---------------------------------------------------------------------------------
Hierarchical RTL Component report 
Module mfreDiv 
Detailed RTL Component Info : 
+---Registers : 
	                1 Bit    Registers := 1     
Module sweeping 
Detailed RTL Component Info : 
+---Adders : 
	   2 Input      2 Bit       Adders := 1     
+---Registers : 
	                4 Bit    Registers := 1     
	                2 Bit    Registers := 1     
+---Muxes : 
	   4 Input      4 Bit        Muxes := 1     
Module comparator 
Detailed RTL Component Info : 
+---Muxes : 
	  17 Input      4 Bit        Muxes := 1     
Module selAn 
Detailed RTL Component Info : 
+---Adders : 
	   2 Input      2 Bit       Adders := 1     
+---Registers : 
	                4 Bit    Registers := 1     
	                2 Bit    Registers := 1     
+---Muxes : 
	   4 Input      4 Bit        Muxes := 1     
Module selDat 
Detailed RTL Component Info : 
+---Adders : 
	   2 Input      2 Bit       Adders := 1     
+---Registers : 
	                4 Bit    Registers := 1     
	                2 Bit    Registers := 1     
+---Muxes : 
	   4 Input      4 Bit        Muxes := 1     
---------------------------------------------------------------------------------
Finished RTL Hierarchical Component Statistics
---------------------------------------------------------------------------------
---------------------------------------------------------------------------------
Start Part Resource Summary
---------------------------------------------------------------------------------
Part Resources:
DSPs: 240 (col length:80)
BRAMs: 270 (col length: RAMB18 80 RAMB36 40)
---------------------------------------------------------------------------------
Finished Part Resource Summary
---------------------------------------------------------------------------------
No constraint files found.
---------------------------------------------------------------------------------
Start Cross Boundary and Area Optimization
---------------------------------------------------------------------------------
Warning: Parallel synthesis criteria is not met 
WARNING: [Synth 8-3331] design KeyPad has unconnected port an[3]
WARNING: [Synth 8-3331] design KeyPad has unconnected port an[2]
WARNING: [Synth 8-3331] design KeyPad has unconnected port an[1]
WARNING: [Synth 8-3331] design KeyPad has unconnected port an[0]
---------------------------------------------------------------------------------
Finished Cross Boundary and Area Optimization : Time (s): cpu = 00:00:10 ; elapsed = 00:00:13 . Memory (MB): peak = 1876.191 ; gain = 401.621 ; free physical = 182 ; free virtual = 7239
---------------------------------------------------------------------------------

Report RTL Partitions: 
+-+--------------+------------+----------+
| |RTL Partition |Replication |Instances |
+-+--------------+------------+----------+
+-+--------------+------------+----------+
No constraint files found.
---------------------------------------------------------------------------------
Start Timing Optimization
---------------------------------------------------------------------------------
---------------------------------------------------------------------------------
Finished Timing Optimization : Time (s): cpu = 00:00:10 ; elapsed = 00:00:13 . Memory (MB): peak = 1876.191 ; gain = 401.621 ; free physical = 181 ; free virtual = 7239
---------------------------------------------------------------------------------

Report RTL Partitions: 
+-+--------------+------------+----------+
| |RTL Partition |Replication |Instances |
+-+--------------+------------+----------+
+-+--------------+------------+----------+
---------------------------------------------------------------------------------
Start Technology Mapping
---------------------------------------------------------------------------------
---------------------------------------------------------------------------------
Finished Technology Mapping : Time (s): cpu = 00:00:10 ; elapsed = 00:00:13 . Memory (MB): peak = 1876.191 ; gain = 401.621 ; free physical = 180 ; free virtual = 7239
---------------------------------------------------------------------------------

Report RTL Partitions: 
+-+--------------+------------+----------+
| |RTL Partition |Replication |Instances |
+-+--------------+------------+----------+
+-+--------------+------------+----------+
---------------------------------------------------------------------------------
Start IO Insertion
---------------------------------------------------------------------------------
---------------------------------------------------------------------------------
Start Flattening Before IO Insertion
---------------------------------------------------------------------------------
---------------------------------------------------------------------------------
Finished Flattening Before IO Insertion
---------------------------------------------------------------------------------
---------------------------------------------------------------------------------
Start Final Netlist Cleanup
---------------------------------------------------------------------------------
---------------------------------------------------------------------------------
Finished Final Netlist Cleanup
---------------------------------------------------------------------------------
---------------------------------------------------------------------------------
Finished IO Insertion : Time (s): cpu = 00:00:14 ; elapsed = 00:00:17 . Memory (MB): peak = 1876.191 ; gain = 401.621 ; free physical = 177 ; free virtual = 7265
---------------------------------------------------------------------------------
---------------------------------------------------------------------------------
Start Renaming Generated Instances
---------------------------------------------------------------------------------
---------------------------------------------------------------------------------
Finished Renaming Generated Instances : Time (s): cpu = 00:00:14 ; elapsed = 00:00:17 . Memory (MB): peak = 1876.191 ; gain = 401.621 ; free physical = 177 ; free virtual = 7265
---------------------------------------------------------------------------------

Report RTL Partitions: 
+-+--------------+------------+----------+
| |RTL Partition |Replication |Instances |
+-+--------------+------------+----------+
+-+--------------+------------+----------+
CRITICAL WARNING: [Synth 8-6859] multi-driven net on pin rows_IBUF[3] with 1st driver pin 'rows_IBUF[3]_inst/O' [/home/esteban/digitalI/digitalI/keypad/keypad.srcs/sources_1/new/genkeyPad.v:23]
CRITICAL WARNING: [Synth 8-6859] multi-driven net on pin rows_IBUF[3] with 2nd driver pin 'Sweeping/rows_reg[3]/Q' [/home/esteban/digitalI/digitalI/keypad/keypad.srcs/sources_1/new/sweeping.v:35]
CRITICAL WARNING: [Synth 8-6859] multi-driven net on pin rows_IBUF[2] with 1st driver pin 'rows_IBUF[2]_inst/O' [/home/esteban/digitalI/digitalI/keypad/keypad.srcs/sources_1/new/genkeyPad.v:23]
CRITICAL WARNING: [Synth 8-6859] multi-driven net on pin rows_IBUF[2] with 2nd driver pin 'Sweeping/rows_reg[2]/Q' [/home/esteban/digitalI/digitalI/keypad/keypad.srcs/sources_1/new/sweeping.v:35]
CRITICAL WARNING: [Synth 8-6859] multi-driven net on pin rows_IBUF[1] with 1st driver pin 'rows_IBUF[1]_inst/O' [/home/esteban/digitalI/digitalI/keypad/keypad.srcs/sources_1/new/genkeyPad.v:23]
CRITICAL WARNING: [Synth 8-6859] multi-driven net on pin rows_IBUF[1] with 2nd driver pin 'Sweeping/rows_reg[1]/Q' [/home/esteban/digitalI/digitalI/keypad/keypad.srcs/sources_1/new/sweeping.v:35]
CRITICAL WARNING: [Synth 8-6859] multi-driven net on pin rows_IBUF[0] with 1st driver pin 'rows_IBUF[0]_inst/O' [/home/esteban/digitalI/digitalI/keypad/keypad.srcs/sources_1/new/genkeyPad.v:23]
CRITICAL WARNING: [Synth 8-6859] multi-driven net on pin rows_IBUF[0] with 2nd driver pin 'Sweeping/rows_reg[0]/Q' [/home/esteban/digitalI/digitalI/keypad/keypad.srcs/sources_1/new/sweeping.v:35]

Report Check Netlist: 
+------+------------------+-------+---------+-------+------------------+
|      |Item              |Errors |Warnings |Status |Description       |
+------+------------------+-------+---------+-------+------------------+
|1     |multi_driven_nets |      0|        4|Failed |Multi driven nets |
+------+------------------+-------+---------+-------+------------------+
---------------------------------------------------------------------------------
Start Rebuilding User Hierarchy
---------------------------------------------------------------------------------
---------------------------------------------------------------------------------
Finished Rebuilding User Hierarchy : Time (s): cpu = 00:00:14 ; elapsed = 00:00:17 . Memory (MB): peak = 1876.191 ; gain = 401.621 ; free physical = 177 ; free virtual = 7265
---------------------------------------------------------------------------------
---------------------------------------------------------------------------------
Start Renaming Generated Ports
---------------------------------------------------------------------------------
---------------------------------------------------------------------------------
Finished Renaming Generated Ports : Time (s): cpu = 00:00:14 ; elapsed = 00:00:17 . Memory (MB): peak = 1876.191 ; gain = 401.621 ; free physical = 177 ; free virtual = 7265
---------------------------------------------------------------------------------
---------------------------------------------------------------------------------
Start Handling Custom Attributes
---------------------------------------------------------------------------------
---------------------------------------------------------------------------------
Finished Handling Custom Attributes : Time (s): cpu = 00:00:14 ; elapsed = 00:00:17 . Memory (MB): peak = 1876.191 ; gain = 401.621 ; free physical = 177 ; free virtual = 7265
---------------------------------------------------------------------------------
---------------------------------------------------------------------------------
Start Renaming Generated Nets
---------------------------------------------------------------------------------
---------------------------------------------------------------------------------
Finished Renaming Generated Nets : Time (s): cpu = 00:00:14 ; elapsed = 00:00:17 . Memory (MB): peak = 1876.191 ; gain = 401.621 ; free physical = 177 ; free virtual = 7265
---------------------------------------------------------------------------------
---------------------------------------------------------------------------------
Start Writing Synthesis Report
---------------------------------------------------------------------------------

Report BlackBoxes: 
+-+--------------+----------+
| |BlackBox name |Instances |
+-+--------------+----------+
+-+--------------+----------+

Report Cell Usage: 
+------+-------+------+
|      |Cell   |Count |
+------+-------+------+
|1     |BUFG   |     1|
|2     |CARRY4 |    14|
|3     |LUT1   |     2|
|4     |LUT2   |    62|
|5     |LUT3   |     2|
|6     |LUT4   |    13|
|7     |LUT6   |    20|
|8     |FDRE   |    68|
|9     |IBUF   |     9|
|10    |OBUF   |     7|
|11    |OBUFT  |     4|
+------+-------+------+

Report Instance Areas: 
+------+----------------+----------+------+
|      |Instance        |Module    |Cells |
+------+----------------+----------+------+
|1     |top             |          |   202|
|2     |  FreDiv        |mfreDiv   |    70|
|3     |  SelDat        |selDat    |    99|
|4     |    auxBCDtoSeg |BCDtoSeg  |     7|
|5     |    auxFreDiv   |mfreDiv_0 |    70|
|6     |  Sweeping      |sweeping  |    12|
+------+----------------+----------+------+
---------------------------------------------------------------------------------
Finished Writing Synthesis Report : Time (s): cpu = 00:00:14 ; elapsed = 00:00:17 . Memory (MB): peak = 1876.191 ; gain = 401.621 ; free physical = 177 ; free virtual = 7265
---------------------------------------------------------------------------------
Synthesis finished with 0 errors, 8 critical warnings and 11 warnings.
Synthesis Optimization Runtime : Time (s): cpu = 00:00:14 ; elapsed = 00:00:17 . Memory (MB): peak = 1876.191 ; gain = 401.621 ; free physical = 178 ; free virtual = 7266
Synthesis Optimization Complete : Time (s): cpu = 00:00:14 ; elapsed = 00:00:17 . Memory (MB): peak = 1876.199 ; gain = 401.621 ; free physical = 178 ; free virtual = 7266
INFO: [Project 1-571] Translating synthesized netlist
Netlist sorting complete. Time (s): cpu = 00:00:00 ; elapsed = 00:00:00 . Memory (MB): peak = 1885.098 ; gain = 0.000 ; free physical = 233 ; free virtual = 7332
INFO: [Netlist 29-17] Analyzing 14 Unisim elements for replacement
INFO: [Netlist 29-28] Unisim Transformation completed in 0 CPU seconds
INFO: [Project 1-570] Preparing netlist for logic optimization
INFO: [Opt 31-138] Pushed 0 inverter(s) to 0 load pin(s).
Netlist sorting complete. Time (s): cpu = 00:00:00 ; elapsed = 00:00:00 . Memory (MB): peak = 2013.812 ; gain = 0.000 ; free physical = 149 ; free virtual = 7255
INFO: [Project 1-111] Unisim Transformation Summary:
No Unisim elements were transformed.

INFO: [Common 17-83] Releasing license: Synthesis
27 Infos, 11 Warnings, 8 Critical Warnings and 0 Errors encountered.
synth_design completed successfully
synth_design: Time (s): cpu = 00:00:19 ; elapsed = 00:00:22 . Memory (MB): peak = 2013.812 ; gain = 539.359 ; free physical = 283 ; free virtual = 7389
Netlist sorting complete. Time (s): cpu = 00:00:00 ; elapsed = 00:00:00 . Memory (MB): peak = 2013.812 ; gain = 0.000 ; free physical = 283 ; free virtual = 7389
WARNING: [Constraints 18-5210] No constraints selected for write.
Resolution: This message can indicate that there are no constraints for the design, or it can indicate that the used_in flags are set such that the constraints are ignored. This later case is used when running synth_design to not write synthesis constraints to the resulting checkpoint. Instead, project constraints are read when the synthesized design is opened.
INFO: [Common 17-1381] The checkpoint '/home/esteban/digitalI/digitalI/keypad/keypad.runs/synth_1/KeyPad.dcp' has been generated.
INFO: [runtcl-4] Executing : report_utilization -file KeyPad_utilization_synth.rpt -pb KeyPad_utilization_synth.pb
INFO: [Common 17-206] Exiting Vivado at Tue Apr 28 10:00:51 2020...
