Vivado Simulator 2019.2
Copyright 1986-1999, 2001-2019 Xilinx, Inc. All Rights Reserved.
Running: /home/esteban/programs/Vivado/2019.2/bin/unwrapped/lnx64.o/xelab -wto 938fa47eccae4706a4363200b8fa2743 --incr --debug typical --relax --mt 8 -L xil_defaultlib -L unisims_ver -L unimacro_ver -L secureip --snapshot simKeyPad_behav xil_defaultlib.simKeyPad xil_defaultlib.glbl -log elaborate.log 
Using 8 slave threads.
Starting static elaboration
Pass Through NonSizing Optimizer
Completed static elaboration
Starting simulation data flow analysis
Completed simulation data flow analysis
Time Resolution for simulation is 1ps
Compiling module xil_defaultlib.mfreDiv
Compiling module xil_defaultlib.sweeping
Compiling module xil_defaultlib.comparator
Compiling module xil_defaultlib.BCDtoSeg
Compiling module xil_defaultlib.selAn
Compiling module xil_defaultlib.selDat
Compiling module xil_defaultlib.keypad
Compiling module xil_defaultlib.simKeyPad
Compiling module xil_defaultlib.glbl
Built simulation snapshot simKeyPad_behav
