
*** Running vivado
    with args -log KeyPad.vdi -applog -m64 -product Vivado -messageDb vivado.pb -mode batch -source KeyPad.tcl -notrace


****** Vivado v2019.2 (64-bit)
  **** SW Build 2708876 on Wed Nov  6 21:39:14 MST 2019
  **** IP Build 2700528 on Thu Nov  7 00:09:20 MST 2019
    ** Copyright 1986-2019 Xilinx, Inc. All Rights Reserved.

source KeyPad.tcl -notrace
Command: link_design -top KeyPad -part xc7a100tcsg324-1
Design is defaulting to srcset: sources_1
Design is defaulting to constrset: constrs_1
INFO: [Device 21-403] Loading part xc7a100tcsg324-1
Netlist sorting complete. Time (s): cpu = 00:00:00 ; elapsed = 00:00:00 . Memory (MB): peak = 1687.699 ; gain = 0.000 ; free physical = 657 ; free virtual = 7732
INFO: [Netlist 29-17] Analyzing 14 Unisim elements for replacement
INFO: [Netlist 29-28] Unisim Transformation completed in 0 CPU seconds
INFO: [Project 1-479] Netlist was created with Vivado 2019.2
INFO: [Project 1-570] Preparing netlist for logic optimization
Netlist sorting complete. Time (s): cpu = 00:00:00 ; elapsed = 00:00:00 . Memory (MB): peak = 1744.395 ; gain = 0.000 ; free physical = 578 ; free virtual = 7653
INFO: [Project 1-111] Unisim Transformation Summary:
No Unisim elements were transformed.

6 Infos, 0 Warnings, 0 Critical Warnings and 0 Errors encountered.
link_design completed successfully
link_design: Time (s): cpu = 00:00:06 ; elapsed = 00:00:12 . Memory (MB): peak = 1772.207 ; gain = 297.758 ; free physical = 565 ; free virtual = 7652
Command: opt_design
Attempting to get a license for feature 'Implementation' and/or device 'xc7a100t'
INFO: [Common 17-349] Got license for feature 'Implementation' and/or device 'xc7a100t'
Running DRC as a precondition to command opt_design

Starting DRC Task
INFO: [DRC 23-27] Running DRC with 8 threads
ERROR: [DRC MDRV-1] Multiple Driver Nets: Net Sweeping/Q[0] has multiple drivers: rows_IBUF[0]_inst/O, and Sweeping/rows_reg[0]/Q.
ERROR: [DRC MDRV-1] Multiple Driver Nets: Net Sweeping/Q[1] has multiple drivers: rows_IBUF[1]_inst/O, and Sweeping/rows_reg[1]/Q.
ERROR: [DRC MDRV-1] Multiple Driver Nets: Net Sweeping/Q[2] has multiple drivers: rows_IBUF[2]_inst/O, and Sweeping/rows_reg[2]/Q.
ERROR: [DRC MDRV-1] Multiple Driver Nets: Net Sweeping/Q[3] has multiple drivers: rows_IBUF[3]_inst/O, and Sweeping/rows_reg[3]/Q.
INFO: [Project 1-461] DRC finished with 4 Errors
INFO: [Project 1-462] Please refer to the DRC report (report_drc) for more information.
ERROR: [Vivado_Tcl 4-78] Error(s) found during DRC. Opt_design not run.

Time (s): cpu = 00:00:03 ; elapsed = 00:00:03 . Memory (MB): peak = 1939.395 ; gain = 167.188 ; free physical = 543 ; free virtual = 7638
INFO: [Common 17-83] Releasing license: Implementation
11 Infos, 0 Warnings, 0 Critical Warnings and 5 Errors encountered.
opt_design failed
ERROR: [Common 17-39] 'opt_design' failed due to earlier errors.

INFO: [Common 17-206] Exiting Vivado at Tue Apr 28 10:01:18 2020...
